{
  "stats": {
    "suites": 1,
    "tests": 3,
    "passes": 3,
    "pending": 0,
    "failures": 0,
    "start": "2020-10-20T05:54:19.117Z",
    "end": "2020-10-20T05:54:41.715Z",
    "duration": 22598,
    "testsRegistered": 3,
    "passPercent": 100,
    "pendingPercent": 0,
    "other": 0,
    "hasOther": false,
    "skipped": 0,
    "hasSkipped": false
  },
  "results": [
    {
      "uuid": "e5e853f0-df51-451d-9924-cb8eb60e0ee9",
      "title": "",
      "fullFile": "cypress\\integration\\smoke.spec.js",
      "file": "cypress\\integration\\smoke.spec.js",
      "beforeHooks": [],
      "afterHooks": [],
      "tests": [],
      "suites": [
        {
          "uuid": "89bf8960-de01-452a-8394-01a7c36d1b1b",
          "title": "Smoke test buy a product",
          "fullFile": "",
          "file": "",
          "beforeHooks": [],
          "afterHooks": [],
          "tests": [
            {
              "title": "Verify login",
              "fullTitle": "Smoke test buy a product Verify login",
              "timedOut": null,
              "duration": 8510,
              "state": "passed",
              "speed": "slow",
              "pass": true,
              "fail": false,
              "pending": false,
              "context": null,
              "code": "cy.get('.header_user_info').find('span').should('have.text', user);",
              "err": {},
              "uuid": "ec9af342-c9d5-4caf-b16a-ca1d28a0539d",
              "parentUUID": "89bf8960-de01-452a-8394-01a7c36d1b1b",
              "isHook": false,
              "skipped": false
            },
            {
              "title": "Add to cart",
              "fullTitle": "Smoke test buy a product Add to cart",
              "timedOut": null,
              "duration": 4895,
              "state": "passed",
              "speed": "slow",
              "pass": true,
              "fail": false,
              "pending": false,
              "context": null,
              "code": "cy.get('.menu-content').children().last().contains(\"T-shirts\").click();\ncy.get('.product_list').first().contains(\"Add to cart\").click();\ncy.get('.clearfix').contains('Proceed to checkout').click();\ncy.get('#cart_summary').contains(product).should('have.text', product);",
              "err": {},
              "uuid": "d19938b1-990b-4981-976f-48542fd2b746",
              "parentUUID": "89bf8960-de01-452a-8394-01a7c36d1b1b",
              "isHook": false,
              "skipped": false
            },
            {
              "title": "Checkout",
              "fullTitle": "Smoke test buy a product Checkout",
              "timedOut": null,
              "duration": 7748,
              "state": "passed",
              "speed": "slow",
              "pass": true,
              "fail": false,
              "pending": false,
              "context": null,
              "code": "Cypress._.times(2, function () {\n  return cy.get('.cart_navigation').contains('Proceed to checkout').click();\n});\ncy.get('input[type=checkbox]').check();\ncy.get('.cart_navigation').contains('Proceed to checkout').click();\ncy.get('.bankwire').click();\ncy.get('#cart_navigation').contains('I confirm my order').click();\ncy.get('.cheque-indent').should('contain', 'Your order on My Store is complete.');",
              "err": {},
              "uuid": "bc064fae-9a78-4e01-9500-4bbd9c96f172",
              "parentUUID": "89bf8960-de01-452a-8394-01a7c36d1b1b",
              "isHook": false,
              "skipped": false
            }
          ],
          "suites": [],
          "passes": [
            "ec9af342-c9d5-4caf-b16a-ca1d28a0539d",
            "d19938b1-990b-4981-976f-48542fd2b746",
            "bc064fae-9a78-4e01-9500-4bbd9c96f172"
          ],
          "failures": [],
          "pending": [],
          "skipped": [],
          "duration": 21153,
          "root": false,
          "rootEmpty": false,
          "_timeout": 2000
        }
      ],
      "passes": [],
      "failures": [],
      "pending": [],
      "skipped": [],
      "duration": 0,
      "root": true,
      "rootEmpty": true,
      "_timeout": 2000
    }
  ],
  "meta": {
    "mocha": {
      "version": "7.0.1"
    },
    "mochawesome": {
      "options": {
        "quiet": false,
        "reportFilename": "mochawesome",
        "saveHtml": true,
        "saveJson": true,
        "consoleReporter": "spec",
        "useInlineDiffs": false,
        "code": true
      },
      "version": "6.1.1"
    },
    "marge": {
      "options": {
        "id": "default"
      },
      "version": "5.1.0"
    }
  }
}